0 verbose cli /usr/bin/node /usr/bin/npm
1 info using npm@10.2.4
2 info using node@v20.11.0
3 timing npm:load:whichnode Completed in 17ms
4 timing config:load:defaults Completed in 2ms
5 timing config:load:file:/usr/lib/node_modules/npm/npmrc Completed in 2ms
6 timing config:load:builtin Completed in 2ms
7 timing config:load:cli Completed in 3ms
8 timing config:load:env Completed in 0ms
9 timing config:load:project Completed in 0ms
10 timing config:load:file:/var/www/.npmrc Completed in 0ms
11 timing config:load:user Completed in 1ms
12 timing config:load:file:/usr/etc/npmrc Completed in 0ms
13 timing config:load:global Completed in 0ms
14 timing config:load:setEnvs Completed in 1ms
15 timing config:load Completed in 10ms
16 timing npm:load:configload Completed in 10ms
17 timing config:load:flatten Completed in 5ms
18 timing npm:load:mkdirpcache Completed in 0ms
19 timing npm:load:mkdirplogs Completed in 1ms
20 verbose title npm install
21 verbose argv "install"
22 timing npm:load:setTitle Completed in 1ms
23 timing npm:load:display Completed in 2ms
24 verbose logfile logs-max:10 dir:/var/www/.npm/_logs/2024-01-19T06_14_54_182Z-
25 verbose logfile /var/www/.npm/_logs/2024-01-19T06_14_54_182Z-debug-0.log
26 timing npm:load:logFile Completed in 10ms
27 timing npm:load:timers Completed in 0ms
28 timing npm:load:configScope Completed in 0ms
29 timing npm:load Completed in 68ms
30 timing arborist:ctor Completed in 0ms
31 silly logfile done cleaning log files
32 timing idealTree:init Completed in 123ms
33 timing idealTree:userRequests Completed in 0ms
34 silly idealTree buildDeps
35 timing idealTree:#root Completed in 0ms
36 timing idealTree:buildDeps Completed in 2ms
37 timing idealTree:fixDepFlags Completed in 0ms
38 timing idealTree Completed in 129ms
39 timing arborist:ctor Completed in 1ms
40 timing reify:loadTrees Completed in 190ms
41 timing reify:diffTrees Completed in 18ms
42 silly reify moves {}
43 timing reify:retireShallow Completed in 2ms
44 timing reify:createSparse Completed in 11ms
45 timing reify:loadBundles Completed in 0ms
46 silly audit bulk request {
46 silly audit   '@alloc/quick-lru': [ '5.2.0' ],
46 silly audit   '@babel/parser': [ '7.23.6' ],
46 silly audit   '@esbuild/aix-ppc64': [ '0.19.11' ],
46 silly audit   '@esbuild/android-arm': [ '0.19.11' ],
46 silly audit   '@esbuild/android-arm64': [ '0.19.11' ],
46 silly audit   '@esbuild/android-x64': [ '0.19.11' ],
46 silly audit   '@esbuild/darwin-arm64': [ '0.19.11' ],
46 silly audit   '@esbuild/darwin-x64': [ '0.19.11' ],
46 silly audit   '@esbuild/freebsd-arm64': [ '0.19.11' ],
46 silly audit   '@esbuild/freebsd-x64': [ '0.19.11' ],
46 silly audit   '@esbuild/linux-arm': [ '0.19.11' ],
46 silly audit   '@esbuild/linux-arm64': [ '0.19.11' ],
46 silly audit   '@esbuild/linux-ia32': [ '0.19.11' ],
46 silly audit   '@esbuild/linux-loong64': [ '0.19.11' ],
46 silly audit   '@esbuild/linux-mips64el': [ '0.19.11' ],
46 silly audit   '@esbuild/linux-ppc64': [ '0.19.11' ],
46 silly audit   '@esbuild/linux-riscv64': [ '0.19.11' ],
46 silly audit   '@esbuild/linux-s390x': [ '0.19.11' ],
46 silly audit   '@esbuild/linux-x64': [ '0.19.11' ],
46 silly audit   '@esbuild/netbsd-x64': [ '0.19.11' ],
46 silly audit   '@esbuild/openbsd-x64': [ '0.19.11' ],
46 silly audit   '@esbuild/sunos-x64': [ '0.19.11' ],
46 silly audit   '@esbuild/win32-arm64': [ '0.19.11' ],
46 silly audit   '@esbuild/win32-ia32': [ '0.19.11' ],
46 silly audit   '@esbuild/win32-x64': [ '0.19.11' ],
46 silly audit   '@inertiajs/core': [ '1.0.14' ],
46 silly audit   '@inertiajs/vue3': [ '1.0.14' ],
46 silly audit   '@isaacs/cliui': [ '8.0.2' ],
46 silly audit   '@jridgewell/gen-mapping': [ '0.3.3' ],
46 silly audit   '@jridgewell/resolve-uri': [ '3.1.1' ],
46 silly audit   '@jridgewell/set-array': [ '1.1.2' ],
46 silly audit   '@jridgewell/sourcemap-codec': [ '1.4.15' ],
46 silly audit   '@jridgewell/trace-mapping': [ '0.3.21' ],
46 silly audit   '@nodelib/fs.scandir': [ '2.1.5' ],
46 silly audit   '@nodelib/fs.stat': [ '2.0.5' ],
46 silly audit   '@nodelib/fs.walk': [ '1.2.8' ],
46 silly audit   '@pkgjs/parseargs': [ '0.11.0' ],
46 silly audit   '@rollup/rollup-android-arm-eabi': [ '4.9.5' ],
46 silly audit   '@rollup/rollup-android-arm64': [ '4.9.5' ],
46 silly audit   '@rollup/rollup-darwin-arm64': [ '4.9.5' ],
46 silly audit   '@rollup/rollup-darwin-x64': [ '4.9.5' ],
46 silly audit   '@rollup/rollup-linux-arm-gnueabihf': [ '4.9.5' ],
46 silly audit   '@rollup/rollup-linux-arm64-gnu': [ '4.9.5' ],
46 silly audit   '@rollup/rollup-linux-arm64-musl': [ '4.9.5' ],
46 silly audit   '@rollup/rollup-linux-riscv64-gnu': [ '4.9.5' ],
46 silly audit   '@rollup/rollup-linux-x64-gnu': [ '4.9.5' ],
46 silly audit   '@rollup/rollup-linux-x64-musl': [ '4.9.5' ],
46 silly audit   '@rollup/rollup-win32-arm64-msvc': [ '4.9.5' ],
46 silly audit   '@rollup/rollup-win32-ia32-msvc': [ '4.9.5' ],
46 silly audit   '@rollup/rollup-win32-x64-msvc': [ '4.9.5' ],
46 silly audit   '@tailwindcss/forms': [ '0.5.7' ],
46 silly audit   '@types/estree': [ '1.0.5' ],
46 silly audit   '@vitejs/plugin-vue': [ '5.0.3' ],
46 silly audit   '@vue/compiler-core': [ '3.4.15' ],
46 silly audit   '@vue/compiler-dom': [ '3.4.15' ],
46 silly audit   '@vue/compiler-sfc': [ '3.4.15' ],
46 silly audit   '@vue/compiler-ssr': [ '3.4.15' ],
46 silly audit   '@vue/reactivity': [ '3.4.15' ],
46 silly audit   '@vue/runtime-core': [ '3.4.15' ],
46 silly audit   '@vue/runtime-dom': [ '3.4.15' ],
46 silly audit   '@vue/server-renderer': [ '3.4.15' ],
46 silly audit   '@vue/shared': [ '3.4.15' ],
46 silly audit   'ansi-regex': [ '6.0.1', '5.0.1' ],
46 silly audit   'ansi-styles': [ '6.2.1', '4.3.0' ],
46 silly audit   'any-promise': [ '1.3.0' ],
46 silly audit   anymatch: [ '3.1.3' ],
46 silly audit   arg: [ '5.0.2' ],
46 silly audit   asynckit: [ '0.4.0' ],
46 silly audit   autoprefixer: [ '10.4.17' ],
46 silly audit   axios: [ '1.6.5' ],
46 silly audit   'balanced-match': [ '1.0.2' ],
46 silly audit   'binary-extensions': [ '2.2.0' ],
46 silly audit   'brace-expansion': [ '2.0.1' ],
46 silly audit   braces: [ '3.0.2' ],
46 silly audit   browserslist: [ '4.22.2' ],
46 silly audit   'call-bind': [ '1.0.5' ],
46 silly audit   'camelcase-css': [ '2.0.1' ],
46 silly audit   'caniuse-lite': [ '1.0.30001579' ],
46 silly audit   chokidar: [ '3.5.3' ],
46 silly audit   'glob-parent': [ '5.1.2', '6.0.2' ],
46 silly audit   'color-convert': [ '2.0.1' ],
46 silly audit   'color-name': [ '1.1.4' ],
46 silly audit   'combined-stream': [ '1.0.8' ],
46 silly audit   commander: [ '4.1.1' ],
46 silly audit   'cross-spawn': [ '7.0.3' ],
46 silly audit   cssesc: [ '3.0.0' ],
46 silly audit   csstype: [ '3.1.3' ],
46 silly audit   deepmerge: [ '4.3.1' ],
46 silly audit   'define-data-property': [ '1.1.1' ],
46 silly audit   'delayed-stream': [ '1.0.0' ],
46 silly audit   didyoumean: [ '1.2.2' ],
46 silly audit   dlv: [ '1.1.3' ],
46 silly audit   eastasianwidth: [ '0.2.0' ],
46 silly audit   'electron-to-chromium': [ '1.4.639' ],
46 silly audit   'emoji-regex': [ '9.2.2', '8.0.0' ],
46 silly audit   entities: [ '4.5.0' ],
46 silly audit   esbuild: [ '0.19.11' ],
46 silly audit   escalade: [ '3.1.1' ],
46 silly audit   'estree-walker': [ '2.0.2' ],
46 silly audit   'fast-glob': [ '3.3.2' ],
46 silly audit   fastq: [ '1.16.0' ],
46 silly audit   'fill-range': [ '7.0.1' ],
46 silly audit   'follow-redirects': [ '1.15.5' ],
46 silly audit   'foreground-child': [ '3.1.1' ],
46 silly audit   'form-data': [ '4.0.0' ],
46 silly audit   'fraction.js': [ '4.3.7' ],
46 silly audit   fsevents: [ '2.3.3' ],
46 silly audit   'function-bind': [ '1.1.2' ],
46 silly audit   'get-intrinsic': [ '1.2.2' ],
46 silly audit   glob: [ '10.3.10' ],
46 silly audit   gopd: [ '1.0.1' ],
46 silly audit   'has-property-descriptors': [ '1.0.1' ],
46 silly audit   'has-proto': [ '1.0.1' ],
46 silly audit   'has-symbols': [ '1.0.3' ],
46 silly audit   hasown: [ '2.0.0' ],
46 silly audit   'is-binary-path': [ '2.1.0' ],
46 silly audit   'is-core-module': [ '2.13.1' ],
46 silly audit   'is-extglob': [ '2.1.1' ],
46 silly audit   'is-fullwidth-code-point': [ '3.0.0' ],
46 silly audit   'is-glob': [ '4.0.3' ],
46 silly audit   'is-number': [ '7.0.0' ],
46 silly audit   isexe: [ '2.0.0' ],
46 silly audit   jackspeak: [ '2.3.6' ],
46 silly audit   jiti: [ '1.21.0' ],
46 silly audit   'laravel-vite-plugin': [ '1.0.1' ],
46 silly audit   lilconfig: [ '2.1.0', '3.0.0' ],
46 silly audit   'lines-and-columns': [ '1.2.4' ],
46 silly audit   'lodash.clonedeep': [ '4.5.0' ],
46 silly audit   'lodash.isequal': [ '4.5.0' ],
46 silly audit   'lru-cache': [ '10.1.0' ],
46 silly audit   'magic-string': [ '0.30.5' ],
46 silly audit   merge2: [ '1.4.1' ],
46 silly audit   micromatch: [ '4.0.5' ],
46 silly audit   'mime-db': [ '1.52.0' ],
46 silly audit   'mime-types': [ '2.1.35' ],
46 silly audit   'mini-svg-data-uri': [ '1.4.4' ],
46 silly audit   minimatch: [ '9.0.3' ],
46 silly audit   minipass: [ '7.0.4' ],
46 silly audit   mz: [ '2.7.0' ],
46 silly audit   nanoid: [ '3.3.7' ],
46 silly audit   'node-releases': [ '2.0.14' ],
46 silly audit   'normalize-path': [ '3.0.0' ],
46 silly audit   'normalize-range': [ '0.1.2' ],
46 silly audit   nprogress: [ '0.2.0' ],
46 silly audit   'object-assign': [ '4.1.1' ],
46 silly audit   'object-hash': [ '3.0.0' ],
46 silly audit   'object-inspect': [ '1.13.1' ],
46 silly audit   'path-key': [ '3.1.1' ],
46 silly audit   'path-parse': [ '1.0.7' ],
46 silly audit   'path-scurry': [ '1.10.1' ],
46 silly audit   picocolors: [ '1.0.0' ],
46 silly audit   picomatch: [ '2.3.1' ],
46 silly audit   pify: [ '2.3.0' ],
46 silly audit   pirates: [ '4.0.6' ],
46 silly audit   postcss: [ '8.4.33' ],
46 silly audit   'postcss-import': [ '15.1.0' ],
46 silly audit   'postcss-js': [ '4.0.1' ],
46 silly audit   'postcss-load-config': [ '4.0.2' ],
46 silly audit   'postcss-nested': [ '6.0.1' ],
46 silly audit   'postcss-selector-parser': [ '6.0.15' ],
46 silly audit   'postcss-value-parser': [ '4.2.0' ],
46 silly audit   'proxy-from-env': [ '1.1.0' ],
46 silly audit   qs: [ '6.11.2' ],
46 silly audit   'queue-microtask': [ '1.2.3' ],
46 silly audit   'read-cache': [ '1.0.0' ],
46 silly audit   readdirp: [ '3.6.0' ],
46 silly audit   resolve: [ '1.22.8' ],
46 silly audit   reusify: [ '1.0.4' ],
46 silly audit   rollup: [ '4.9.5' ],
46 silly audit   'run-parallel': [ '1.2.0' ],
46 silly audit   'set-function-length': [ '1.2.0' ],
46 silly audit   'shebang-command': [ '2.0.0' ],
46 silly audit   'shebang-regex': [ '3.0.0' ],
46 silly audit   'side-channel': [ '1.0.4' ],
46 silly audit   'signal-exit': [ '4.1.0' ],
46 silly audit   'source-map-js': [ '1.0.2' ],
46 silly audit   'string-width': [ '5.1.2', '4.2.3' ],
46 silly audit   'strip-ansi': [ '6.0.1', '7.1.0' ],
46 silly audit   sucrase: [ '3.35.0' ],
46 silly audit   'supports-preserve-symlinks-flag': [ '1.0.0' ],
46 silly audit   tailwindcss: [ '3.4.1' ],
46 silly audit   thenify: [ '3.3.1' ],
46 silly audit   'thenify-all': [ '1.6.0' ],
46 silly audit   'to-regex-range': [ '5.0.1' ],
46 silly audit   'ts-interface-checker': [ '0.1.13' ],
46 silly audit   'update-browserslist-db': [ '1.0.13' ],
46 silly audit   'util-deprecate': [ '1.0.2' ],
46 silly audit   vite: [ '5.0.11' ],
46 silly audit   'vite-plugin-full-reload': [ '1.1.0' ],
46 silly audit   vue: [ '3.4.15' ],
46 silly audit   which: [ '2.0.2' ],
46 silly audit   'wrap-ansi': [ '8.1.0', '7.0.0' ],
46 silly audit   yaml: [ '2.3.4' ]
46 silly audit }
47 verbose reify failed optional dependency /var/www/node_modules/fsevents
48 silly reify mark deleted [ '/var/www/node_modules/fsevents' ]
49 verbose reify failed optional dependency /var/www/node_modules/@rollup/rollup-win32-x64-msvc
50 silly reify mark deleted [ '/var/www/node_modules/@rollup/rollup-win32-x64-msvc' ]
51 verbose reify failed optional dependency /var/www/node_modules/@rollup/rollup-win32-ia32-msvc
52 silly reify mark deleted [ '/var/www/node_modules/@rollup/rollup-win32-ia32-msvc' ]
53 verbose reify failed optional dependency /var/www/node_modules/@rollup/rollup-win32-arm64-msvc
54 silly reify mark deleted [ '/var/www/node_modules/@rollup/rollup-win32-arm64-msvc' ]
55 verbose reify failed optional dependency /var/www/node_modules/@rollup/rollup-linux-riscv64-gnu
56 silly reify mark deleted [ '/var/www/node_modules/@rollup/rollup-linux-riscv64-gnu' ]
57 verbose reify failed optional dependency /var/www/node_modules/@rollup/rollup-linux-arm64-musl
58 silly reify mark deleted [ '/var/www/node_modules/@rollup/rollup-linux-arm64-musl' ]
59 verbose reify failed optional dependency /var/www/node_modules/@rollup/rollup-linux-arm64-gnu
60 silly reify mark deleted [ '/var/www/node_modules/@rollup/rollup-linux-arm64-gnu' ]
61 verbose reify failed optional dependency /var/www/node_modules/@rollup/rollup-linux-arm-gnueabihf
62 silly reify mark deleted [ '/var/www/node_modules/@rollup/rollup-linux-arm-gnueabihf' ]
63 verbose reify failed optional dependency /var/www/node_modules/@rollup/rollup-darwin-x64
64 silly reify mark deleted [ '/var/www/node_modules/@rollup/rollup-darwin-x64' ]
65 verbose reify failed optional dependency /var/www/node_modules/@rollup/rollup-darwin-arm64
66 silly reify mark deleted [ '/var/www/node_modules/@rollup/rollup-darwin-arm64' ]
67 verbose reify failed optional dependency /var/www/node_modules/@rollup/rollup-android-arm64
68 silly reify mark deleted [ '/var/www/node_modules/@rollup/rollup-android-arm64' ]
69 verbose reify failed optional dependency /var/www/node_modules/@rollup/rollup-android-arm-eabi
70 silly reify mark deleted [ '/var/www/node_modules/@rollup/rollup-android-arm-eabi' ]
71 verbose reify failed optional dependency /var/www/node_modules/@esbuild/win32-x64
72 silly reify mark deleted [ '/var/www/node_modules/@esbuild/win32-x64' ]
73 verbose reify failed optional dependency /var/www/node_modules/@esbuild/win32-ia32
74 silly reify mark deleted [ '/var/www/node_modules/@esbuild/win32-ia32' ]
75 verbose reify failed optional dependency /var/www/node_modules/@esbuild/win32-arm64
76 silly reify mark deleted [ '/var/www/node_modules/@esbuild/win32-arm64' ]
77 verbose reify failed optional dependency /var/www/node_modules/@esbuild/sunos-x64
78 silly reify mark deleted [ '/var/www/node_modules/@esbuild/sunos-x64' ]
79 verbose reify failed optional dependency /var/www/node_modules/@esbuild/openbsd-x64
80 silly reify mark deleted [ '/var/www/node_modules/@esbuild/openbsd-x64' ]
81 verbose reify failed optional dependency /var/www/node_modules/@esbuild/netbsd-x64
82 silly reify mark deleted [ '/var/www/node_modules/@esbuild/netbsd-x64' ]
83 verbose reify failed optional dependency /var/www/node_modules/@esbuild/linux-s390x
84 silly reify mark deleted [ '/var/www/node_modules/@esbuild/linux-s390x' ]
85 verbose reify failed optional dependency /var/www/node_modules/@esbuild/linux-riscv64
86 silly reify mark deleted [ '/var/www/node_modules/@esbuild/linux-riscv64' ]
87 verbose reify failed optional dependency /var/www/node_modules/@esbuild/linux-ppc64
88 silly reify mark deleted [ '/var/www/node_modules/@esbuild/linux-ppc64' ]
89 verbose reify failed optional dependency /var/www/node_modules/@esbuild/linux-mips64el
90 silly reify mark deleted [ '/var/www/node_modules/@esbuild/linux-mips64el' ]
91 verbose reify failed optional dependency /var/www/node_modules/@esbuild/linux-loong64
92 silly reify mark deleted [ '/var/www/node_modules/@esbuild/linux-loong64' ]
93 verbose reify failed optional dependency /var/www/node_modules/@esbuild/linux-ia32
94 silly reify mark deleted [ '/var/www/node_modules/@esbuild/linux-ia32' ]
95 verbose reify failed optional dependency /var/www/node_modules/@esbuild/linux-arm64
96 silly reify mark deleted [ '/var/www/node_modules/@esbuild/linux-arm64' ]
97 verbose reify failed optional dependency /var/www/node_modules/@esbuild/linux-arm
98 silly reify mark deleted [ '/var/www/node_modules/@esbuild/linux-arm' ]
99 verbose reify failed optional dependency /var/www/node_modules/@esbuild/freebsd-x64
100 silly reify mark deleted [ '/var/www/node_modules/@esbuild/freebsd-x64' ]
101 verbose reify failed optional dependency /var/www/node_modules/@esbuild/freebsd-arm64
102 silly reify mark deleted [ '/var/www/node_modules/@esbuild/freebsd-arm64' ]
103 verbose reify failed optional dependency /var/www/node_modules/@esbuild/darwin-x64
104 silly reify mark deleted [ '/var/www/node_modules/@esbuild/darwin-x64' ]
105 verbose reify failed optional dependency /var/www/node_modules/@esbuild/darwin-arm64
106 silly reify mark deleted [ '/var/www/node_modules/@esbuild/darwin-arm64' ]
107 verbose reify failed optional dependency /var/www/node_modules/@esbuild/android-x64
108 silly reify mark deleted [ '/var/www/node_modules/@esbuild/android-x64' ]
109 verbose reify failed optional dependency /var/www/node_modules/@esbuild/android-arm64
110 silly reify mark deleted [ '/var/www/node_modules/@esbuild/android-arm64' ]
111 verbose reify failed optional dependency /var/www/node_modules/@esbuild/android-arm
112 silly reify mark deleted [ '/var/www/node_modules/@esbuild/android-arm' ]
113 verbose reify failed optional dependency /var/www/node_modules/@esbuild/aix-ppc64
114 silly reify mark deleted [ '/var/www/node_modules/@esbuild/aix-ppc64' ]
115 timing reifyNode:node_modules/fsevents Completed in 143ms
116 timing reifyNode:node_modules/@rollup/rollup-win32-x64-msvc Completed in 143ms
117 timing reifyNode:node_modules/@rollup/rollup-win32-ia32-msvc Completed in 143ms
118 timing reifyNode:node_modules/@rollup/rollup-win32-arm64-msvc Completed in 143ms
119 timing reifyNode:node_modules/@rollup/rollup-linux-riscv64-gnu Completed in 143ms
120 timing reifyNode:node_modules/@rollup/rollup-linux-arm64-musl Completed in 143ms
121 timing reifyNode:node_modules/@rollup/rollup-linux-arm64-gnu Completed in 142ms
122 timing reifyNode:node_modules/@rollup/rollup-linux-arm-gnueabihf Completed in 142ms
123 timing reifyNode:node_modules/@rollup/rollup-darwin-x64 Completed in 142ms
124 timing reifyNode:node_modules/@rollup/rollup-darwin-arm64 Completed in 142ms
125 timing reifyNode:node_modules/@rollup/rollup-android-arm64 Completed in 142ms
126 timing reifyNode:node_modules/@rollup/rollup-android-arm-eabi Completed in 142ms
127 timing reifyNode:node_modules/@esbuild/win32-x64 Completed in 143ms
128 timing reifyNode:node_modules/@esbuild/win32-ia32 Completed in 143ms
129 timing reifyNode:node_modules/@esbuild/win32-arm64 Completed in 142ms
130 timing reifyNode:node_modules/@esbuild/sunos-x64 Completed in 142ms
131 timing reifyNode:node_modules/@esbuild/openbsd-x64 Completed in 142ms
132 timing reifyNode:node_modules/@esbuild/netbsd-x64 Completed in 142ms
133 timing reifyNode:node_modules/@esbuild/linux-s390x Completed in 142ms
134 timing reifyNode:node_modules/@esbuild/linux-riscv64 Completed in 142ms
135 timing reifyNode:node_modules/@esbuild/linux-ppc64 Completed in 142ms
136 timing reifyNode:node_modules/@esbuild/linux-mips64el Completed in 142ms
137 timing reifyNode:node_modules/@esbuild/linux-loong64 Completed in 142ms
138 timing reifyNode:node_modules/@esbuild/linux-ia32 Completed in 142ms
139 timing reifyNode:node_modules/@esbuild/linux-arm64 Completed in 142ms
140 timing reifyNode:node_modules/@esbuild/linux-arm Completed in 142ms
141 timing reifyNode:node_modules/@esbuild/freebsd-x64 Completed in 142ms
142 timing reifyNode:node_modules/@esbuild/freebsd-arm64 Completed in 142ms
143 timing reifyNode:node_modules/@esbuild/darwin-x64 Completed in 142ms
144 timing reifyNode:node_modules/@esbuild/darwin-arm64 Completed in 142ms
145 timing reifyNode:node_modules/@esbuild/android-x64 Completed in 142ms
146 timing reifyNode:node_modules/@esbuild/android-arm64 Completed in 143ms
147 timing reifyNode:node_modules/@esbuild/android-arm Completed in 143ms
148 timing reifyNode:node_modules/@esbuild/aix-ppc64 Completed in 142ms
149 timing reify:unpack Completed in 146ms
150 timing reify:unretire Completed in 0ms
151 timing build:queue Completed in 4ms
152 timing build:deps Completed in 5ms
153 timing build Completed in 5ms
154 timing reify:build Completed in 7ms
155 timing reify:trash Completed in 11ms
156 timing reify:save Completed in 177ms
157 http fetch POST 200 https://registry.npmjs.org/-/npm/v1/security/advisories/bulk 936ms
158 timing auditReport:getReport Completed in 953ms
159 silly audit report {}
160 timing auditReport:init Completed in 0ms
161 timing reify:audit Completed in 958ms
162 timing reify Completed in 1205ms
163 silly ADD
164 silly ADD
165 silly ADD
166 silly ADD
167 silly ADD
168 silly ADD
169 silly ADD
170 silly ADD
171 silly ADD
172 silly ADD
173 silly ADD
174 silly ADD
175 silly ADD
176 silly ADD
177 silly ADD
178 silly ADD
179 silly ADD
180 silly ADD
181 silly ADD
182 silly ADD
183 silly ADD
184 silly ADD
185 silly ADD
186 silly ADD
187 silly ADD
188 silly ADD
189 silly ADD
190 silly ADD
191 silly ADD
192 silly ADD
193 silly ADD
194 silly ADD
195 silly ADD
196 silly ADD
197 timing command:install Completed in 1230ms
198 verbose exit 0
199 timing npm Completed in 1570ms
200 info ok
